2021-11-05 14:21:18,684 INFO o.a.j.u.JMeterUtils: Setting Locale to en_EN
2021-11-05 14:21:18,694 INFO o.a.j.JMeter: Loading user properties from: user.properties
2021-11-05 14:21:18,694 INFO o.a.j.JMeter: Loading system properties from: system.properties
2021-11-05 14:21:18,704 INFO o.a.j.JMeter: Copyright (c) 1998-2019 The Apache Software Foundation
2021-11-05 14:21:18,704 INFO o.a.j.JMeter: Version 5.2.1
2021-11-05 14:21:18,704 INFO o.a.j.JMeter: java.version=1.8.0_301
2021-11-05 14:21:18,704 INFO o.a.j.JMeter: java.vm.name=Java HotSpot(TM) 64-Bit Server VM
2021-11-05 14:21:18,704 INFO o.a.j.JMeter: os.name=Windows 7
2021-11-05 14:21:18,704 INFO o.a.j.JMeter: os.arch=amd64
2021-11-05 14:21:18,704 INFO o.a.j.JMeter: os.version=6.1
2021-11-05 14:21:18,704 INFO o.a.j.JMeter: file.encoding=Cp1251
2021-11-05 14:21:18,704 INFO o.a.j.JMeter: java.awt.headless=null
2021-11-05 14:21:18,704 INFO o.a.j.JMeter: Max memory     =1073741824
2021-11-05 14:21:18,704 INFO o.a.j.JMeter: Available Processors =4
2021-11-05 14:21:18,704 INFO o.a.j.JMeter: Default Locale=English (EN)
2021-11-05 14:21:18,704 INFO o.a.j.JMeter: JMeter  Locale=English (EN)
2021-11-05 14:21:18,704 INFO o.a.j.JMeter: JMeterHome=D:\apache-jmeter-5.2.1
2021-11-05 14:21:18,704 INFO o.a.j.JMeter: user.dir  =D:\apache-jmeter-5.2.1\bin
2021-11-05 14:21:18,704 INFO o.a.j.JMeter: PWD       =D:\apache-jmeter-5.2.1\bin
2021-11-05 14:21:18,704 INFO o.a.j.JMeter: IP: 192.168.100.11 Name: Comp1 FullName: Comp1
2021-11-05 14:21:18,974 INFO o.a.j.g.a.LookAndFeelCommand: Installing Darcula LAF
2021-11-05 14:21:18,984 INFO o.a.j.g.a.LookAndFeelCommand: Using look and feel: com.bulenkov.darcula.DarculaLaf [Darcula]
2021-11-05 14:21:18,984 INFO o.a.j.JMeter: Setting LAF to: com.bulenkov.darcula.DarculaLaf
2021-11-05 14:21:19,044 INFO o.a.j.JMeter: Loaded icon properties from org/apache/jmeter/images/icon.properties
2021-11-05 14:21:20,592 INFO o.a.j.p.h.s.HTTPSamplerBase: Parser for text/html is org.apache.jmeter.protocol.http.parser.LagartoBasedHtmlParser
2021-11-05 14:21:20,592 INFO o.a.j.p.h.s.HTTPSamplerBase: Parser for application/xhtml+xml is org.apache.jmeter.protocol.http.parser.LagartoBasedHtmlParser
2021-11-05 14:21:20,592 INFO o.a.j.p.h.s.HTTPSamplerBase: Parser for application/xml is org.apache.jmeter.protocol.http.parser.LagartoBasedHtmlParser
2021-11-05 14:21:20,592 INFO o.a.j.p.h.s.HTTPSamplerBase: Parser for text/xml is org.apache.jmeter.protocol.http.parser.LagartoBasedHtmlParser
2021-11-05 14:21:20,592 INFO o.a.j.p.h.s.HTTPSamplerBase: Parser for text/vnd.wap.wml is org.apache.jmeter.protocol.http.parser.RegexpHTMLParser
2021-11-05 14:21:20,592 INFO o.a.j.p.h.s.HTTPSamplerBase: Parser for text/css is org.apache.jmeter.protocol.http.parser.CssParser
2021-11-05 14:21:20,925 INFO o.a.j.e.KeyToolUtils: keytool found at 'keytool'
2021-11-05 14:21:20,925 INFO o.a.j.p.h.p.ProxyControl: HTTP(S) Test Script Recorder SSL Proxy will use keys that support embedded 3rd party resources in file D:\apache-jmeter-5.2.1\bin\proxyserver.jks
2021-11-05 14:21:21,046 INFO o.a.j.s.FileServer: Default base='D:\apache-jmeter-5.2.1\bin'
2021-11-05 14:21:21,516 INFO o.a.j.s.SampleResult: Note: Sample TimeStamps are START times
2021-11-05 14:21:21,516 INFO o.a.j.s.SampleResult: sampleresult.default.encoding is set to ISO-8859-1
2021-11-05 14:21:21,516 INFO o.a.j.s.SampleResult: sampleresult.useNanoTime=true
2021-11-05 14:21:21,516 INFO o.a.j.s.SampleResult: sampleresult.nanoThreadSleep=5000
2021-11-05 14:23:17,868 INFO o.a.j.g.a.Load: Loading file: D:\apache-jmeter-5.2.1\bin\HW-1_gr-22_scinario.jmx
2021-11-05 14:23:17,868 INFO o.a.j.s.FileServer: Set new base='D:\apache-jmeter-5.2.1\bin'
2021-11-05 14:23:18,008 INFO o.a.j.s.SaveService: Testplan (JMX) version: 2.2. Testlog (JTL) version: 2.2
2021-11-05 14:23:18,028 INFO o.a.j.s.SaveService: Using SaveService properties file encoding UTF-8
2021-11-05 14:23:18,028 INFO o.a.j.s.SaveService: Using SaveService properties version 5.0
2021-11-05 14:23:18,038 INFO o.a.j.s.SaveService: Loading file: D:\apache-jmeter-5.2.1\bin\HW-1_gr-22_scinario.jmx
